
5,7200000000 4,8100000000 5,4200000000 1,0500000000 6,0300000000 2,8600000000 4,2100000000 3,5400000000 1,8700000000 4,9900000000 
2,6200000000 6,8300000000 5,7400000000 8,9800000000 4,9700000000 5,8800000000 6,2600000000 5,6100000000 8,9900000000 3,1000000000 
2,2100000000 3,0100000000 4,7800000000 8,1900000000 3,9700000000 5,9700000000 2,3400000000 4,1900000000 4,9700000000 2,6800000000 
7,0300000000 2,8400000000 8,6600000000 8,1900000000 3,6000000000 4,0600000000 2,3100000000 8,6300000000 4,6200000000 6,1100000000 
9,7400000000 7,5500000000 5,4900000000 4,3200000000 4,0800000000 8,8700000000 3,2700000000 5,5400000000 4,4900000000 3,1200000000 
1,2700000000 3,4700000000 1,9900000000 8,0600000000 7,2500000000 3,6600000000 5,9900000000 6,7300000000 9,8400000000 6,8400000000 
9,9200000000 6,8100000000 9,0000000000 2,9800000000 1,5800000000 3,7500000000 4,7700000000 2,4000000000 6,6500000000 2,5600000000 
8,2400000000 4,2800000000 9,3600000000 1,1700000000 7,9200000000 2,3800000000 1,8800000000 4,5300000000 7,3800000000 2,5100000000 
4,7900000000 3,7900000000 7,6900000000 1,2400000000 7,6400000000 4,0500000000 4,4200000000 2,6900000000 4,4300000000 4,8400000000 
3,1800000000 8,5600000000 5,3600000000 5,1600000000 6,7100000000 8,8100000000 2,4800000000 7,0700000000 9,7300000000 2,8900000000 
----------------------------------------

5,7200000000 4,8100000000 5,4200000000 1,0500000000 6,0300000000 2,8600000000 4,2100000000 3,5400000000 1,8700000000 4,9900000000 
0,0000000000 -1,5318181818 -0,3997202797 1,1590209790 -8,8776223776 -1,2100000000 -2,5312587413 -3,7393006993 3,4069230769 -6,0939860140 
-0,0000000000 0,0000000000 0,8108847295 9,0297194704 -30,7540139238 2,5706557864 -9,5867171879 -9,2660552385 21,7812590733 -23,2998952294 
0,0000000000 0,0000000000 0,0000000000 -35,6016625231 125,8393006306 -8,3438505599 39,2772687127 37,0252973298 -83,9784346596 93,9391402809 
0,0000000000 0,0000000000 -0,0000000000 0,0000000000 9,8834803608 6,0276740627 1,0714404477 3,7543613481 -2,8266282974 4,8908557825 
-0,0000000000 -0,0000000000 0,0000000000 0,0000000000 0,0000000000 -15,6167597939 3,1289146267 6,1725545634 -9,4878236568 9,5139743640 
-0,0000000000 0,0000000000 -0,0000000000 0,0000000000 0,0000000000 0,0000000000 -4,2144522995 1,0627725845 5,2309199683 -4,6664558205 
0,0000000000 0,0000000000 -0,0000000000 -0,0000000000 0,0000000000 0,0000000000 0,0000000000 -5,0747732212 16,3963404991 -7,6513407970 
0,0000000000 -0,0000000000 0,0000000000 0,0000000000 0,0000000000 0,0000000000 0,0000000000 0,0000000000 -11,9124825064 2,6045690373 
0,0000000000 -0,0000000000 -0,0000000000 0,0000000000 -0,0000000000 0,0000000000 0,0000000000 0,0000000000 0,0000000000 -2,5400555949 
----------------------------------------
