
5,72000000000000000000 4,81000000000000000000 5,42000000000000000000 1,05000000000000000000 6,03000000000000000000 2,86000000000000000000 4,21000000000000000000 3,54000000000000000000 1,87000000000000000000 4,99000000000000000000 
2,62000000000000000000 6,83000000000000000000 5,74000000000000000000 8,98000000000000000000 4,97000000000000000000 5,88000000000000000000 6,26000000000000000000 5,61000000000000000000 8,99000000000000000000 3,10000000000000000000 
2,21000000000000000000 3,01000000000000000000 4,78000000000000000000 8,19000000000000000000 3,97000000000000000000 5,97000000000000000000 2,34000000000000000000 4,19000000000000000000 4,97000000000000000000 2,68000000000000000000 
7,03000000000000000000 2,84000000000000000000 8,66000000000000000000 8,19000000000000000000 3,60000000000000000000 4,06000000000000000000 2,31000000000000000000 8,63000000000000000000 4,62000000000000000000 6,11000000000000000000 
9,74000000000000000000 7,55000000000000000000 5,49000000000000000000 4,32000000000000000000 4,08000000000000000000 8,87000000000000000000 3,27000000000000000000 5,54000000000000000000 4,49000000000000000000 3,12000000000000000000 
1,27000000000000000000 3,47000000000000000000 1,99000000000000000000 8,06000000000000000000 7,25000000000000000000 3,66000000000000000000 5,99000000000000000000 6,73000000000000000000 9,84000000000000000000 6,84000000000000000000 
9,92000000000000000000 6,81000000000000000000 9,00000000000000000000 2,98000000000000000000 1,58000000000000000000 3,75000000000000000000 4,77000000000000000000 2,40000000000000000000 6,65000000000000000000 2,56000000000000000000 
8,24000000000000000000 4,28000000000000000000 9,36000000000000000000 1,17000000000000000000 7,92000000000000000000 2,38000000000000000000 1,88000000000000000000 4,53000000000000000000 7,38000000000000000000 2,51000000000000000000 
4,79000000000000000000 3,79000000000000000000 7,69000000000000000000 1,24000000000000000000 7,64000000000000000000 4,05000000000000000000 4,42000000000000000000 2,69000000000000000000 4,43000000000000000000 4,84000000000000000000 
3,18000000000000000000 8,56000000000000000000 5,36000000000000000000 5,16000000000000000000 6,71000000000000000000 8,81000000000000000000 2,48000000000000000000 7,07000000000000000000 9,73000000000000000000 2,89000000000000000000 
----------------------------------------

5,72000000000000000000 4,81000000000000000000 5,42000000000000000000 1,05000000000000000000 6,03000000000000000000 2,86000000000000000000 4,21000000000000000000 3,54000000000000000000 1,87000000000000000000 4,99000000000000000000 
0,00000000000000000000 -1,53181818181818220000 -0,39972027972028100000 1,15902097902097900000 -8,87762237762237800000 -1,21000000000000000000 -2,53125874125874170000 -3,73930069930069960000 3,40692307692307670000 -6,09398601398601500000 
-0,00000000000000044409 0,00000000000000000000 0,81088472951380460000 9,02971947044053600000 -30,75401392376170400000 2,57065578635015000000 -9,58671718785665700000 -9,26605523853001700000 21,78125907327094000000 -23,29989522939968000000 
0,00000000000000175981 0,00000000000000000000 0,00000000000000000000 -35,60166252308967000000 125,83930063060143000000 -8,34385055986152800000 39,27726871267075400000 37,02529732981377000000 -83,97843465956005000000 93,93914028091933000000 
0,00000000000000011114 0,00000000000000000000 -0,00000000000000044409 0,00000000000000000000 9,88348036079781900000 6,02767406265723700000 1,07144044772952900000 3,75436134813931230000 -2,82662829743156860000 4,89085578254625400000 
-0,00000000000000007563 -0,00000000000000044409 0,00000000000000117486 0,00000000000000000000 0,00000000000000000000 -15,61675979391416300000 3,12891462667559600000 6,17255456343667100000 -9,48782365684439100000 9,51397436397211700000 
-0,00000000000000014601 0,00000000000000006338 -0,00000000000000002959 0,00000000000000000000 0,00000000000000044409 0,00000000000000000000 -4,21445229949002350000 1,06277258451149100000 5,23091996828499400000 -4,66645582053886400000 
0,00000000000000007919 0,00000000000000056498 -0,00000000000000015472 -0,00000000000000088818 0,00000000000000057387 0,00000000000000000000 0,00000000000000000000 -5,07477322123754200000 16,39634049913865600000 -7,65134079701832900000 
0,00000000000000008917 -0,00000000000000007695 0,00000000000000013843 0,00000000000000075186 0,00000000000000330597 0,00000000000000000000 0,00000000000000000000 0,00000000000000000000 -11,91248250638411200000 2,60456903731521330000 
0,00000000000000018520 -0,00000000000000001610 -0,00000000000000023133 0,00000000000000029389 -0,00000000000000023543 0,00000000000000000000 0,00000000000000088818 0,00000000000000000000 0,00000000000000088818 -2,54005559488610940000 
----------------------------------------
