
5,720000 4,810000 5,420000 1,050000 6,030000 2,860000 4,210000 3,540000 1,870000 4,990000 
2,620000 6,830000 5,740000 8,980000 4,970000 5,880000 6,260000 5,610000 8,990000 3,100000 
2,210000 3,010000 4,780000 8,190000 3,970000 5,970000 2,340000 4,190000 4,970000 2,680000 
7,030000 2,840000 8,660000 8,190000 3,600000 4,060000 2,310000 8,630000 4,620000 6,110000 
9,740000 7,550000 5,490000 4,320000 4,080000 8,870000 3,270000 5,540000 4,490000 3,120000 
1,270000 3,470000 1,990000 8,060000 7,250000 3,660000 5,990000 6,730000 9,840000 6,840000 
9,920000 6,810000 9,000000 2,980000 1,580000 3,750000 4,770000 2,400000 6,650000 2,560000 
8,240000 4,280000 9,360000 1,170000 7,920000 2,380000 1,880000 4,530000 7,380000 2,510000 
4,790000 3,790000 7,690000 1,240000 7,640000 4,050000 4,420000 2,690000 4,430000 4,840000 
3,180000 8,560000 5,360000 5,160000 6,710000 8,810000 2,480000 7,070000 9,730000 2,890000 
----------------------------------------

5,720000 4,810000 5,420000 1,050000 6,030000 2,860000 4,210000 3,540000 1,870000 4,990000 
0,000000 -1,531818 -0,399720 1,159021 -8,877622 -1,210000 -2,531259 -3,739301 3,406923 -6,093986 
-0,000000 0,000000 0,810885 9,029719 -30,754014 2,570656 -9,586717 -9,266055 21,781259 -23,299895 
0,000000 0,000000 0,000000 -35,601663 125,839301 -8,343851 39,277269 37,025297 -83,978435 93,939140 
0,000000 0,000000 -0,000000 0,000000 9,883480 6,027674 1,071440 3,754361 -2,826628 4,890856 
-0,000000 -0,000000 0,000000 0,000000 0,000000 -15,616760 3,128915 6,172555 -9,487824 9,513974 
-0,000000 0,000000 -0,000000 0,000000 0,000000 0,000000 -4,214452 1,062773 5,230920 -4,666456 
0,000000 0,000000 -0,000000 -0,000000 0,000000 0,000000 0,000000 -5,074773 16,396340 -7,651341 
0,000000 -0,000000 0,000000 0,000000 0,000000 0,000000 0,000000 0,000000 -11,912483 2,604569 
0,000000 -0,000000 -0,000000 0,000000 -0,000000 0,000000 0,000000 0,000000 0,000000 -2,540056 
----------------------------------------
