
5,72 4,81 5,42 1,05 6,03 2,86 4,21 3,54 1,87 4,99 
2,62 6,83 5,74 8,98 4,97 5,88 6,26 5,61 8,99 3,10 
2,21 3,01 4,78 8,19 3,97 5,97 2,34 4,19 4,97 2,68 
7,03 2,84 8,66 8,19 3,60 4,06 2,31 8,63 4,62 6,11 
9,74 7,55 5,49 4,32 4,08 8,87 3,27 5,54 4,49 3,12 
1,27 3,47 1,99 8,06 7,25 3,66 5,99 6,73 9,84 6,84 
9,92 6,81 9,00 2,98 1,58 3,75 4,77 2,40 6,65 2,56 
8,24 4,28 9,36 1,17 7,92 2,38 1,88 4,53 7,38 2,51 
4,79 3,79 7,69 1,24 7,64 4,05 4,42 2,69 4,43 4,84 
3,18 8,56 5,36 5,16 6,71 8,81 2,48 7,07 9,73 2,89 
----------------------------------------

5,72 4,81 5,42 1,05 6,03 2,86 4,21 3,54 1,87 4,99 
0,00 -1,53 -0,40 1,16 -8,88 -1,21 -2,53 -3,74 3,41 -6,09 
-0,00 11,77 3,88 0,12 37,47 11,87 9,87 19,47 -4,40 23,53 
0,00 -4,28 0,00 4,86 -14,06 -5,42 0,63 -7,11 2,90 -7,84 
-0,00 -0,74 0,00 -0,00 -0,76 4,26 -5,86 0,63 1,00 -1,76 
0,00 28,52 0,00 0,00 46,93 -123,87 185,05 -6,05 -28,52 70,61 
-0,00 -4,68 0,00 -0,00 -0,31 0,00 -6,38 4,31 -3,89 2,10 
0,00 2,91 0,00 -4,84 -1,02 0,00 0,00 -9,46 7,80 -9,86 
0,00 -10,15 0,00 28,03 -52,09 0,00 0,00 0,00 -15,82 -0,47 
0,00 4,19 -7,14 -6,96 7,96 0,00 0,00 0,00 0,00 -3,23 
----------------------------------------
