
5,72 4,81 5,42 1,05 6,03 2,86 4,21 3,54 1,87 4,99 
2,62 6,83 5,74 8,98 4,97 5,88 6,26 5,61 8,99 3,10 
2,21 3,01 4,78 8,19 3,97 5,97 2,34 4,19 4,97 2,68 
7,03 2,84 8,66 8,19 3,60 4,06 2,31 8,63 4,62 6,11 
9,74 7,55 5,49 4,32 4,08 8,87 3,27 5,54 4,49 3,12 
1,27 3,47 1,99 8,06 7,25 3,66 5,99 6,73 9,84 6,84 
9,92 6,81 9,00 2,98 1,58 3,75 4,77 2,40 6,65 2,56 
8,24 4,28 9,36 1,17 7,92 2,38 1,88 4,53 7,38 2,51 
4,79 3,79 7,69 1,24 7,64 4,05 4,42 2,69 4,43 4,84 
3,18 8,56 5,36 5,16 6,71 8,81 2,48 7,07 9,73 2,89 
----------------------------------------

5,72 4,81 5,42 1,05 6,03 2,86 4,21 3,54 1,87 4,99 
0,00 -1,53 -0,40 1,16 -8,88 -1,21 -2,53 -3,74 3,41 -6,09 
-0,00 0,00 0,81 0,12 -30,75 2,57 -9,59 -9,27 -4,40 -23,30 
-0,00 -0,48 0,00 -0,29 -115,95 -8,33 -36,02 -36,16 -14,43 -89,05 
-0,00 -10,86 0,00 0,00 -2741,17 -193,59 -851,28 -852,22 -340,50 -2104,24 
-0,00 -6,65 -7,81 0,00 -1491,93 -103,79 -465,44 -461,93 -187,14 -1144,32 
-0,00 -23,33 -11,48 -4,95 -4290,31 -304,98 -1339,18 -1333,68 -535,65 -3294,89 
-0,00 -78,09 -39,74 -8,60 -14914,79 -1055,83 -4650,49 -4629,54 -1865,09 -11445,19 
-0,00 -161,52 -85,54 -18,53 -32141,60 -2272,65 -10016,23 -9979,87 -4016,94 -24667,66 
-0,00 -394,16 -208,51 -45,17 -78344,99 -5540,10 -24416,12 -24324,70 -9785,65 -60127,50 
----------------------------------------
